<?xml version="1.0" encoding="UTF-8" ?>
<testsuite tests="2" failures="0" name="com.mybatis.test.EmployeeTest" time="1.233" errors="0" skipped="0">
  <properties>
    <property name="java.runtime.name" value="Java(TM) SE Runtime Environment"/>
    <property name="sun.boot.library.path" value="/Library/Java/JavaVirtualMachines/jdk1.8.0_131.jdk/Contents/Home/jre/lib"/>
    <property name="java.vm.version" value="25.131-b11"/>
    <property name="gopherProxySet" value="false"/>
    <property name="java.vm.vendor" value="Oracle Corporation"/>
    <property name="java.vendor.url" value="http://java.oracle.com/"/>
    <property name="path.separator" value=":"/>
    <property name="java.vm.name" value="Java HotSpot(TM) 64-Bit Server VM"/>
    <property name="file.encoding.pkg" value="sun.io"/>
    <property name="user.country" value="CN"/>
    <property name="sun.java.launcher" value="SUN_STANDARD"/>
    <property name="sun.os.patch.level" value="unknown"/>
    <property name="java.vm.specification.name" value="Java Virtual Machine Specification"/>
    <property name="user.dir" value="/Users/didi/intership/git/DjMvnTest"/>
    <property name="java.runtime.version" value="1.8.0_131-b11"/>
    <property name="java.awt.graphicsenv" value="sun.awt.CGraphicsEnvironment"/>
    <property name="basedir" value="/Users/didi/intership/git/DjMvnTest"/>
    <property name="java.endorsed.dirs" value="/Library/Java/JavaVirtualMachines/jdk1.8.0_131.jdk/Contents/Home/jre/lib/endorsed"/>
    <property name="os.arch" value="x86_64"/>
    <property name="surefire.real.class.path" value="/Users/didi/intership/git/DjMvnTest/target/surefire/surefirebooter1412641250962102188.jar"/>
    <property name="java.io.tmpdir" value="/var/folders/t9/xnrkhhf97yz509ywp8ch94480000gn/T/"/>
    <property name="line.separator" value="
"/>
    <property name="java.vm.specification.vendor" value="Oracle Corporation"/>
    <property name="os.name" value="Mac OS X"/>
    <property name="sun.jnu.encoding" value="UTF-8"/>
    <property name="java.library.path" value="/Users/didi/Library/Java/Extensions:/Library/Java/Extensions:/Network/Library/Java/Extensions:/System/Library/Java/Extensions:/usr/lib/java:."/>
    <property name="surefire.test.class.path" value="/Users/didi/intership/git/DjMvnTest/target/test-classes:/Users/didi/intership/git/DjMvnTest/target/classes:/Users/didi/maven/repository/mysql/mysql-connector-java/5.1.6/mysql-connector-java-5.1.6.jar:/Users/didi/maven/repository/org/springframework/spring-aop/4.3.5.RELEASE/spring-aop-4.3.5.RELEASE.jar:/Users/didi/maven/repository/org/springframework/spring-tx/4.3.5.RELEASE/spring-tx-4.3.5.RELEASE.jar:/Users/didi/maven/repository/org/springframework/spring-beans/4.3.1.RELEASE/spring-beans-4.3.1.RELEASE.jar:/Users/didi/maven/repository/org/springframework/spring-core/4.3.1.RELEASE/spring-core-4.3.1.RELEASE.jar:/Users/didi/maven/repository/commons-logging/commons-logging/1.2/commons-logging-1.2.jar:/Users/didi/maven/repository/org/springframework/spring-context/4.3.1.RELEASE/spring-context-4.3.1.RELEASE.jar:/Users/didi/maven/repository/org/springframework/spring-expression/4.3.1.RELEASE/spring-expression-4.3.1.RELEASE.jar:/Users/didi/maven/repository/org/springframework/spring-web/4.3.1.RELEASE/spring-web-4.3.1.RELEASE.jar:/Users/didi/maven/repository/org/springframework/spring-webmvc/4.3.1.RELEASE/spring-webmvc-4.3.1.RELEASE.jar:/Users/didi/maven/repository/javax/servlet/jstl/1.2/jstl-1.2.jar:/Users/didi/maven/repository/taglibs/standard/1.1.2/standard-1.1.2.jar:/Users/didi/maven/repository/javax/servlet/servlet-api/2.5/servlet-api-2.5.jar:/Users/didi/maven/repository/javax/servlet/jsp/jsp-api/2.2/jsp-api-2.2.jar:/Users/didi/maven/repository/com/mchange/c3p0/0.9.5.1/c3p0-0.9.5.1.jar:/Users/didi/maven/repository/com/mchange/mchange-commons-java/0.2.10/mchange-commons-java-0.2.10.jar:/Users/didi/maven/repository/org/aspectj/aspectjweaver/1.8.6/aspectjweaver-1.8.6.jar:/Users/didi/maven/repository/org/aspectj/aspectjrt/1.8.6/aspectjrt-1.8.6.jar:/Users/didi/maven/repository/org/springframework/spring-jdbc/3.0.5.RELEASE/spring-jdbc-3.0.5.RELEASE.jar:/Users/didi/maven/repository/org/mybatis/mybatis/3.4.1/mybatis-3.4.1.jar:/Users/didi/maven/repository/org/mybatis/mybatis-spring/1.3.0/mybatis-spring-1.3.0.jar:/Users/didi/maven/repository/junit/junit/4.12/junit-4.12.jar:/Users/didi/maven/repository/org/hamcrest/hamcrest-core/1.3/hamcrest-core-1.3.jar:/Users/didi/maven/repository/org/springframework/spring-test/4.3.9.RELEASE/spring-test-4.3.9.RELEASE.jar:/Users/didi/maven/repository/org/apache/maven/plugins/maven-resources-plugin/2.4.3/maven-resources-plugin-2.4.3.jar:/Users/didi/maven/repository/org/apache/maven/maven-plugin-api/2.0.6/maven-plugin-api-2.0.6.jar:/Users/didi/maven/repository/org/apache/maven/maven-project/2.0.6/maven-project-2.0.6.jar:/Users/didi/maven/repository/org/apache/maven/maven-profile/2.0.6/maven-profile-2.0.6.jar:/Users/didi/maven/repository/org/apache/maven/maven-artifact-manager/2.0.6/maven-artifact-manager-2.0.6.jar:/Users/didi/maven/repository/org/apache/maven/maven-plugin-registry/2.0.6/maven-plugin-registry-2.0.6.jar:/Users/didi/maven/repository/org/apache/maven/maven-core/2.0.6/maven-core-2.0.6.jar:/Users/didi/maven/repository/org/apache/maven/wagon/wagon-file/1.0-beta-2/wagon-file-1.0-beta-2.jar:/Users/didi/maven/repository/org/apache/maven/maven-plugin-parameter-documenter/2.0.6/maven-plugin-parameter-documenter-2.0.6.jar:/Users/didi/maven/repository/org/apache/maven/wagon/wagon-http-lightweight/1.0-beta-2/wagon-http-lightweight-1.0-beta-2.jar:/Users/didi/maven/repository/org/apache/maven/wagon/wagon-http-shared/1.0-beta-2/wagon-http-shared-1.0-beta-2.jar:/Users/didi/maven/repository/jtidy/jtidy/4aug2000r7-dev/jtidy-4aug2000r7-dev.jar:/Users/didi/maven/repository/xml-apis/xml-apis/1.0.b2/xml-apis-1.0.b2.jar:/Users/didi/maven/repository/org/apache/maven/reporting/maven-reporting-api/2.0.6/maven-reporting-api-2.0.6.jar:/Users/didi/maven/repository/org/apache/maven/doxia/doxia-sink-api/1.0-alpha-7/doxia-sink-api-1.0-alpha-7.jar:/Users/didi/maven/repository/org/apache/maven/wagon/wagon-provider-api/1.0-beta-2/wagon-provider-api-1.0-beta-2.jar:/Users/didi/maven/repository/org/apache/maven/maven-repository-metadata/2.0.6/maven-repository-metadata-2.0.6.jar:/Users/didi/maven/repository/org/apache/maven/maven-error-diagnostics/2.0.6/maven-error-diagnostics-2.0.6.jar:/Users/didi/maven/repository/commons-cli/commons-cli/1.0/commons-cli-1.0.jar:/Users/didi/maven/repository/org/apache/maven/wagon/wagon-ssh-external/1.0-beta-2/wagon-ssh-external-1.0-beta-2.jar:/Users/didi/maven/repository/org/apache/maven/wagon/wagon-ssh-common/1.0-beta-2/wagon-ssh-common-1.0-beta-2.jar:/Users/didi/maven/repository/org/apache/maven/maven-plugin-descriptor/2.0.6/maven-plugin-descriptor-2.0.6.jar:/Users/didi/maven/repository/org/codehaus/plexus/plexus-interactivity-api/1.0-alpha-4/plexus-interactivity-api-1.0-alpha-4.jar:/Users/didi/maven/repository/org/apache/maven/wagon/wagon-ssh/1.0-beta-2/wagon-ssh-1.0-beta-2.jar:/Users/didi/maven/repository/com/jcraft/jsch/0.1.27/jsch-0.1.27.jar:/Users/didi/maven/repository/classworlds/classworlds/1.1/classworlds-1.1.jar:/Users/didi/maven/repository/org/apache/maven/maven-artifact/2.0.6/maven-artifact-2.0.6.jar:/Users/didi/maven/repository/org/apache/maven/maven-settings/2.0.6/maven-settings-2.0.6.jar:/Users/didi/maven/repository/org/apache/maven/maven-model/2.0.6/maven-model-2.0.6.jar:/Users/didi/maven/repository/org/apache/maven/maven-monitor/2.0.6/maven-monitor-2.0.6.jar:/Users/didi/maven/repository/org/codehaus/plexus/plexus-container-default/1.0-alpha-9-stable-1/plexus-container-default-1.0-alpha-9-stable-1.jar:/Users/didi/maven/repository/org/codehaus/plexus/plexus-utils/2.0.5/plexus-utils-2.0.5.jar:/Users/didi/maven/repository/org/apache/maven/shared/maven-filtering/1.0-beta-4/maven-filtering-1.0-beta-4.jar:/Users/didi/maven/repository/org/sonatype/plexus/plexus-build-api/0.0.4/plexus-build-api-0.0.4.jar:/Users/didi/maven/repository/org/codehaus/plexus/plexus-interpolation/1.13/plexus-interpolation-1.13.jar:/Users/didi/maven/repository/com/kepler/kepler-all/0.0.8-snapshot/kepler-all-0.0.8-snapshot.jar:/Users/didi/maven/repository/io/netty/netty-all/4.0.36.Final/netty-all-4.0.36.Final.jar:/Users/didi/maven/repository/org/apache/zookeeper/zookeeper/3.4.6/zookeeper-3.4.6.jar:/Users/didi/maven/repository/org/slf4j/slf4j-api/1.6.1/slf4j-api-1.6.1.jar:/Users/didi/maven/repository/org/slf4j/slf4j-log4j12/1.6.1/slf4j-log4j12-1.6.1.jar:/Users/didi/maven/repository/log4j/log4j/1.2.16/log4j-1.2.16.jar:/Users/didi/maven/repository/jline/jline/0.9.94/jline-0.9.94.jar:"/>
    <property name="java.specification.name" value="Java Platform API Specification"/>
    <property name="java.class.version" value="52.0"/>
    <property name="sun.management.compiler" value="HotSpot 64-Bit Tiered Compilers"/>
    <property name="os.version" value="10.11.5"/>
    <property name="http.nonProxyHosts" value="local|*.local|169.254/16|*.169.254/16"/>
    <property name="user.home" value="/Users/didi"/>
    <property name="user.timezone" value="Asia/Shanghai"/>
    <property name="java.awt.printerjob" value="sun.lwawt.macosx.CPrinterJob"/>
    <property name="java.specification.version" value="1.8"/>
    <property name="file.encoding" value="UTF-8"/>
    <property name="user.name" value="didi"/>
    <property name="java.class.path" value="/Users/didi/intership/git/DjMvnTest/target/test-classes:/Users/didi/intership/git/DjMvnTest/target/classes:/Users/didi/maven/repository/mysql/mysql-connector-java/5.1.6/mysql-connector-java-5.1.6.jar:/Users/didi/maven/repository/org/springframework/spring-aop/4.3.5.RELEASE/spring-aop-4.3.5.RELEASE.jar:/Users/didi/maven/repository/org/springframework/spring-tx/4.3.5.RELEASE/spring-tx-4.3.5.RELEASE.jar:/Users/didi/maven/repository/org/springframework/spring-beans/4.3.1.RELEASE/spring-beans-4.3.1.RELEASE.jar:/Users/didi/maven/repository/org/springframework/spring-core/4.3.1.RELEASE/spring-core-4.3.1.RELEASE.jar:/Users/didi/maven/repository/commons-logging/commons-logging/1.2/commons-logging-1.2.jar:/Users/didi/maven/repository/org/springframework/spring-context/4.3.1.RELEASE/spring-context-4.3.1.RELEASE.jar:/Users/didi/maven/repository/org/springframework/spring-expression/4.3.1.RELEASE/spring-expression-4.3.1.RELEASE.jar:/Users/didi/maven/repository/org/springframework/spring-web/4.3.1.RELEASE/spring-web-4.3.1.RELEASE.jar:/Users/didi/maven/repository/org/springframework/spring-webmvc/4.3.1.RELEASE/spring-webmvc-4.3.1.RELEASE.jar:/Users/didi/maven/repository/javax/servlet/jstl/1.2/jstl-1.2.jar:/Users/didi/maven/repository/taglibs/standard/1.1.2/standard-1.1.2.jar:/Users/didi/maven/repository/javax/servlet/servlet-api/2.5/servlet-api-2.5.jar:/Users/didi/maven/repository/javax/servlet/jsp/jsp-api/2.2/jsp-api-2.2.jar:/Users/didi/maven/repository/com/mchange/c3p0/0.9.5.1/c3p0-0.9.5.1.jar:/Users/didi/maven/repository/com/mchange/mchange-commons-java/0.2.10/mchange-commons-java-0.2.10.jar:/Users/didi/maven/repository/org/aspectj/aspectjweaver/1.8.6/aspectjweaver-1.8.6.jar:/Users/didi/maven/repository/org/aspectj/aspectjrt/1.8.6/aspectjrt-1.8.6.jar:/Users/didi/maven/repository/org/springframework/spring-jdbc/3.0.5.RELEASE/spring-jdbc-3.0.5.RELEASE.jar:/Users/didi/maven/repository/org/mybatis/mybatis/3.4.1/mybatis-3.4.1.jar:/Users/didi/maven/repository/org/mybatis/mybatis-spring/1.3.0/mybatis-spring-1.3.0.jar:/Users/didi/maven/repository/junit/junit/4.12/junit-4.12.jar:/Users/didi/maven/repository/org/hamcrest/hamcrest-core/1.3/hamcrest-core-1.3.jar:/Users/didi/maven/repository/org/springframework/spring-test/4.3.9.RELEASE/spring-test-4.3.9.RELEASE.jar:/Users/didi/maven/repository/org/apache/maven/plugins/maven-resources-plugin/2.4.3/maven-resources-plugin-2.4.3.jar:/Users/didi/maven/repository/org/apache/maven/maven-plugin-api/2.0.6/maven-plugin-api-2.0.6.jar:/Users/didi/maven/repository/org/apache/maven/maven-project/2.0.6/maven-project-2.0.6.jar:/Users/didi/maven/repository/org/apache/maven/maven-profile/2.0.6/maven-profile-2.0.6.jar:/Users/didi/maven/repository/org/apache/maven/maven-artifact-manager/2.0.6/maven-artifact-manager-2.0.6.jar:/Users/didi/maven/repository/org/apache/maven/maven-plugin-registry/2.0.6/maven-plugin-registry-2.0.6.jar:/Users/didi/maven/repository/org/apache/maven/maven-core/2.0.6/maven-core-2.0.6.jar:/Users/didi/maven/repository/org/apache/maven/wagon/wagon-file/1.0-beta-2/wagon-file-1.0-beta-2.jar:/Users/didi/maven/repository/org/apache/maven/maven-plugin-parameter-documenter/2.0.6/maven-plugin-parameter-documenter-2.0.6.jar:/Users/didi/maven/repository/org/apache/maven/wagon/wagon-http-lightweight/1.0-beta-2/wagon-http-lightweight-1.0-beta-2.jar:/Users/didi/maven/repository/org/apache/maven/wagon/wagon-http-shared/1.0-beta-2/wagon-http-shared-1.0-beta-2.jar:/Users/didi/maven/repository/jtidy/jtidy/4aug2000r7-dev/jtidy-4aug2000r7-dev.jar:/Users/didi/maven/repository/xml-apis/xml-apis/1.0.b2/xml-apis-1.0.b2.jar:/Users/didi/maven/repository/org/apache/maven/reporting/maven-reporting-api/2.0.6/maven-reporting-api-2.0.6.jar:/Users/didi/maven/repository/org/apache/maven/doxia/doxia-sink-api/1.0-alpha-7/doxia-sink-api-1.0-alpha-7.jar:/Users/didi/maven/repository/org/apache/maven/wagon/wagon-provider-api/1.0-beta-2/wagon-provider-api-1.0-beta-2.jar:/Users/didi/maven/repository/org/apache/maven/maven-repository-metadata/2.0.6/maven-repository-metadata-2.0.6.jar:/Users/didi/maven/repository/org/apache/maven/maven-error-diagnostics/2.0.6/maven-error-diagnostics-2.0.6.jar:/Users/didi/maven/repository/commons-cli/commons-cli/1.0/commons-cli-1.0.jar:/Users/didi/maven/repository/org/apache/maven/wagon/wagon-ssh-external/1.0-beta-2/wagon-ssh-external-1.0-beta-2.jar:/Users/didi/maven/repository/org/apache/maven/wagon/wagon-ssh-common/1.0-beta-2/wagon-ssh-common-1.0-beta-2.jar:/Users/didi/maven/repository/org/apache/maven/maven-plugin-descriptor/2.0.6/maven-plugin-descriptor-2.0.6.jar:/Users/didi/maven/repository/org/codehaus/plexus/plexus-interactivity-api/1.0-alpha-4/plexus-interactivity-api-1.0-alpha-4.jar:/Users/didi/maven/repository/org/apache/maven/wagon/wagon-ssh/1.0-beta-2/wagon-ssh-1.0-beta-2.jar:/Users/didi/maven/repository/com/jcraft/jsch/0.1.27/jsch-0.1.27.jar:/Users/didi/maven/repository/classworlds/classworlds/1.1/classworlds-1.1.jar:/Users/didi/maven/repository/org/apache/maven/maven-artifact/2.0.6/maven-artifact-2.0.6.jar:/Users/didi/maven/repository/org/apache/maven/maven-settings/2.0.6/maven-settings-2.0.6.jar:/Users/didi/maven/repository/org/apache/maven/maven-model/2.0.6/maven-model-2.0.6.jar:/Users/didi/maven/repository/org/apache/maven/maven-monitor/2.0.6/maven-monitor-2.0.6.jar:/Users/didi/maven/repository/org/codehaus/plexus/plexus-container-default/1.0-alpha-9-stable-1/plexus-container-default-1.0-alpha-9-stable-1.jar:/Users/didi/maven/repository/org/codehaus/plexus/plexus-utils/2.0.5/plexus-utils-2.0.5.jar:/Users/didi/maven/repository/org/apache/maven/shared/maven-filtering/1.0-beta-4/maven-filtering-1.0-beta-4.jar:/Users/didi/maven/repository/org/sonatype/plexus/plexus-build-api/0.0.4/plexus-build-api-0.0.4.jar:/Users/didi/maven/repository/org/codehaus/plexus/plexus-interpolation/1.13/plexus-interpolation-1.13.jar:/Users/didi/maven/repository/com/kepler/kepler-all/0.0.8-snapshot/kepler-all-0.0.8-snapshot.jar:/Users/didi/maven/repository/io/netty/netty-all/4.0.36.Final/netty-all-4.0.36.Final.jar:/Users/didi/maven/repository/org/apache/zookeeper/zookeeper/3.4.6/zookeeper-3.4.6.jar:/Users/didi/maven/repository/org/slf4j/slf4j-api/1.6.1/slf4j-api-1.6.1.jar:/Users/didi/maven/repository/org/slf4j/slf4j-log4j12/1.6.1/slf4j-log4j12-1.6.1.jar:/Users/didi/maven/repository/log4j/log4j/1.2.16/log4j-1.2.16.jar:/Users/didi/maven/repository/jline/jline/0.9.94/jline-0.9.94.jar:"/>
    <property name="java.vm.specification.version" value="1.8"/>
    <property name="sun.arch.data.model" value="64"/>
    <property name="java.home" value="/Library/Java/JavaVirtualMachines/jdk1.8.0_131.jdk/Contents/Home/jre"/>
    <property name="sun.java.command" value="/Users/didi/intership/git/DjMvnTest/target/surefire/surefirebooter1412641250962102188.jar /Users/didi/intership/git/DjMvnTest/target/surefire/surefire5690887686856346058tmp /Users/didi/intership/git/DjMvnTest/target/surefire/surefire4593698626825749313tmp"/>
    <property name="java.specification.vendor" value="Oracle Corporation"/>
    <property name="user.language" value="zh"/>
    <property name="awt.toolkit" value="sun.lwawt.macosx.LWCToolkit"/>
    <property name="java.vm.info" value="mixed mode"/>
    <property name="java.version" value="1.8.0_131"/>
    <property name="java.ext.dirs" value="/Users/didi/Library/Java/Extensions:/Library/Java/JavaVirtualMachines/jdk1.8.0_131.jdk/Contents/Home/jre/lib/ext:/Library/Java/Extensions:/Network/Library/Java/Extensions:/System/Library/Java/Extensions:/usr/lib/java"/>
    <property name="sun.boot.class.path" value="/Library/Java/JavaVirtualMachines/jdk1.8.0_131.jdk/Contents/Home/jre/lib/resources.jar:/Library/Java/JavaVirtualMachines/jdk1.8.0_131.jdk/Contents/Home/jre/lib/rt.jar:/Library/Java/JavaVirtualMachines/jdk1.8.0_131.jdk/Contents/Home/jre/lib/sunrsasign.jar:/Library/Java/JavaVirtualMachines/jdk1.8.0_131.jdk/Contents/Home/jre/lib/jsse.jar:/Library/Java/JavaVirtualMachines/jdk1.8.0_131.jdk/Contents/Home/jre/lib/jce.jar:/Library/Java/JavaVirtualMachines/jdk1.8.0_131.jdk/Contents/Home/jre/lib/charsets.jar:/Library/Java/JavaVirtualMachines/jdk1.8.0_131.jdk/Contents/Home/jre/lib/jfr.jar:/Library/Java/JavaVirtualMachines/jdk1.8.0_131.jdk/Contents/Home/jre/classes"/>
    <property name="java.vendor" value="Oracle Corporation"/>
    <property name="localRepository" value="/Users/didi/maven/repository"/>
    <property name="file.separator" value="/"/>
    <property name="java.vendor.url.bug" value="http://bugreport.sun.com/bugreport/"/>
    <property name="sun.cpu.endian" value="little"/>
    <property name="sun.io.unicode.encoding" value="UnicodeBig"/>
    <property name="socksNonProxyHosts" value="local|*.local|169.254/16|*.169.254/16"/>
    <property name="ftp.nonProxyHosts" value="local|*.local|169.254/16|*.169.254/16"/>
    <property name="sun.cpu.isalist" value=""/>
  </properties>
  <testcase classname="com.mybatis.test.EmployeeTest" name="testGetEmployeeById" time="0.317"/>
  <testcase classname="com.mybatis.test.EmployeeTest" name="testGetAll" time="0.013"/>
</testsuite>